<?xml version="1.0" encoding="UTF-8"?>
<!-- Generated by org.testng.reporters.JUnitReportReporter -->
<testsuite skipped="0" hostname="Laptopkharidoco" name="javaPractice.Grouping" tests="5" failures="0" timestamp="21 Jul 2019 19:06:16 GMT" time="0.045" errors="0">
  <testcase name="Car1" time="0.030" classname="javaPractice.Grouping"/>
  <testcase name="Scooter2" time="0.003" classname="javaPractice.Grouping"/>
  <testcase name="Car2" time="0.004" classname="javaPractice.Grouping"/>
  <testcase name="Sedan1" time="0.004" classname="javaPractice.Grouping"/>
  <testcase name="Scooter1" time="0.004" classname="javaPractice.Grouping"/>
</testsuite> <!-- javaPractice.Grouping -->
