<?xml version="1.0" encoding="UTF-8"?>
<!-- Generated by org.testng.reporters.JUnitReportReporter -->
<testsuite skipped="0" hostname="Laptopkharidoco" name="javaPractice.Sequencing" tests="2" failures="0" timestamp="21 Jul 2019 18:20:03 GMT" time="0.021" errors="0">
  <testcase name="testmenthod1" time="0.014" classname="javaPractice.Sequencing"/>
  <testcase name="testmenthod2" time="0.007" classname="javaPractice.Sequencing"/>
</testsuite> <!-- javaPractice.Sequencing -->
